{"C:\\Users\\gabri\\Documents\\assessment\\app.js": {"path":"C:\\Users\\gabri\\Documents\\assessment\\app.js","statementMap":{"0":{"start":{"line":1,"column":16},"end":{"line":1,"column":34}},"1":{"start":{"line":2,"column":12},"end":{"line":2,"column":21}},"2":{"start":{"line":3,"column":17},"end":{"line":3,"column":36}},"3":{"start":{"line":6,"column":11},"end":{"line":6,"column":24}},"4":{"start":{"line":8,"column":0},"end":{"line":8,"column":33}},"5":{"start":{"line":10,"column":0},"end":{"line":12,"column":1}},"6":{"start":{"line":11,"column":4},"end":{"line":11,"column":31}},"7":{"start":{"line":15,"column":23},"end":{"line":15,"column":80}},"8":{"start":{"line":17,"column":15},"end":{"line":19,"column":1}},"9":{"start":{"line":22,"column":0},"end":{"line":22,"column":29}},"10":{"start":{"line":24,"column":0},"end":{"line":24,"column":49}},"11":{"start":{"line":25,"column":0},"end":{"line":25,"column":50}},"12":{"start":{"line":26,"column":0},"end":{"line":26,"column":46}},"13":{"start":{"line":28,"column":0},"end":{"line":28,"column":21}},"14":{"start":{"line":30,"column":13},"end":{"line":30,"column":35}},"15":{"start":{"line":31,"column":13},"end":{"line":31,"column":44}},"16":{"start":{"line":33,"column":0},"end":{"line":35,"column":2}},"17":{"start":{"line":34,"column":4},"end":{"line":34,"column":60}}},"fnMap":{"0":{"name":"(anonymous_0)","decl":{"start":{"line":33,"column":17},"end":{"line":33,"column":18}},"loc":{"start":{"line":33,"column":23},"end":{"line":35,"column":1}},"line":33}},"branchMap":{"0":{"loc":{"start":{"line":10,"column":0},"end":{"line":12,"column":1}},"type":"if","locations":[{"start":{"line":10,"column":0},"end":{"line":12,"column":1}},{"start":{"line":10,"column":0},"end":{"line":12,"column":1}}],"line":10},"1":{"loc":{"start":{"line":30,"column":13},"end":{"line":30,"column":35}},"type":"binary-expr","locations":[{"start":{"line":30,"column":13},"end":{"line":30,"column":29}},{"start":{"line":30,"column":33},"end":{"line":30,"column":35}}],"line":30},"2":{"loc":{"start":{"line":31,"column":13},"end":{"line":31,"column":44}},"type":"binary-expr","locations":[{"start":{"line":31,"column":13},"end":{"line":31,"column":29}},{"start":{"line":31,"column":33},"end":{"line":31,"column":44}}],"line":31}},"s":{"0":1,"1":1,"2":1,"3":1,"4":1,"5":1,"6":1,"7":1,"8":1,"9":1,"10":1,"11":1,"12":1,"13":1,"14":1,"15":1,"16":1,"17":0},"f":{"0":0},"b":{"0":[1,0],"1":[1,0],"2":[1,0]},"_coverageSchema":"1a1c01bbd47fc00a2c39e90264f33305004495a9","hash":"da685e736302ccdce3e7e5da14f606379e2b4dc8"}
,"C:\\Users\\gabri\\Documents\\assessment\\api\\common\\logger.js": {"path":"C:\\Users\\gabri\\Documents\\assessment\\api\\common\\logger.js","statementMap":{"0":{"start":{"line":3,"column":16},"end":{"line":3,"column":34}},"1":{"start":{"line":4,"column":11},"end":{"line":4,"column":24}},"2":{"start":{"line":6,"column":45},"end":{"line":6,"column":52}},"3":{"start":{"line":7,"column":39},"end":{"line":7,"column":45}},"4":{"start":{"line":9,"column":17},"end":{"line":11,"column":2}},"5":{"start":{"line":10,"column":2},"end":{"line":10,"column":102}},"6":{"start":{"line":13,"column":15},"end":{"line":22,"column":2}},"7":{"start":{"line":24,"column":0},"end":{"line":24,"column":24}}},"fnMap":{"0":{"name":"(anonymous_0)","decl":{"start":{"line":9,"column":24},"end":{"line":9,"column":25}},"loc":{"start":{"line":9,"column":32},"end":{"line":11,"column":1}},"line":9}},"branchMap":{"0":{"loc":{"start":{"line":21,"column":9},"end":{"line":21,"column":41}},"type":"binary-expr","locations":[{"start":{"line":21,"column":9},"end":{"line":21,"column":30}},{"start":{"line":21,"column":34},"end":{"line":21,"column":41}}],"line":21}},"s":{"0":4,"1":4,"2":4,"3":4,"4":4,"5":10,"6":4,"7":4},"f":{"0":10},"b":{"0":[4,3]},"_coverageSchema":"1a1c01bbd47fc00a2c39e90264f33305004495a9","hash":"022cbf28d7ccedfe8b785573a658407c03d15945"}
,"C:\\Users\\gabri\\Documents\\assessment\\api\\controllers\\client.controller.js": {"path":"C:\\Users\\gabri\\Documents\\assessment\\api\\controllers\\client.controller.js","statementMap":{"0":{"start":{"line":1,"column":22},"end":{"line":1,"column":60}},"1":{"start":{"line":5,"column":8},"end":{"line":20,"column":9}},"2":{"start":{"line":6,"column":29},"end":{"line":6,"column":67}},"3":{"start":{"line":8,"column":12},"end":{"line":13,"column":15}},"4":{"start":{"line":16,"column":12},"end":{"line":19,"column":15}},"5":{"start":{"line":24,"column":8},"end":{"line":39,"column":9}},"6":{"start":{"line":25,"column":29},"end":{"line":25,"column":69}},"7":{"start":{"line":27,"column":12},"end":{"line":32,"column":15}},"8":{"start":{"line":35,"column":12},"end":{"line":38,"column":15}},"9":{"start":{"line":43,"column":0},"end":{"line":43,"column":31}}},"fnMap":{"0":{"name":"(anonymous_0)","decl":{"start":{"line":4,"column":4},"end":{"line":4,"column":5}},"loc":{"start":{"line":4,"column":31},"end":{"line":21,"column":5}},"line":4},"1":{"name":"(anonymous_1)","decl":{"start":{"line":23,"column":4},"end":{"line":23,"column":5}},"loc":{"start":{"line":23,"column":33},"end":{"line":40,"column":5}},"line":23}},"branchMap":{},"s":{"0":1,"1":0,"2":0,"3":0,"4":0,"5":0,"6":0,"7":0,"8":0,"9":1},"f":{"0":0,"1":0},"b":{},"_coverageSchema":"1a1c01bbd47fc00a2c39e90264f33305004495a9","hash":"f917a255f62ef3acbd94c81040de7b2fa125fd4f"}
,"C:\\Users\\gabri\\Documents\\assessment\\api\\controllers\\policies.controller.js": {"path":"C:\\Users\\gabri\\Documents\\assessment\\api\\controllers\\policies.controller.js","statementMap":{"0":{"start":{"line":1,"column":24},"end":{"line":1,"column":63}},"1":{"start":{"line":5,"column":8},"end":{"line":20,"column":9}},"2":{"start":{"line":6,"column":29},"end":{"line":6,"column":77}},"3":{"start":{"line":8,"column":12},"end":{"line":13,"column":15}},"4":{"start":{"line":16,"column":12},"end":{"line":19,"column":15}},"5":{"start":{"line":24,"column":8},"end":{"line":39,"column":9}},"6":{"start":{"line":25,"column":29},"end":{"line":25,"column":71}},"7":{"start":{"line":27,"column":12},"end":{"line":32,"column":15}},"8":{"start":{"line":35,"column":12},"end":{"line":38,"column":15}},"9":{"start":{"line":43,"column":0},"end":{"line":43,"column":32}}},"fnMap":{"0":{"name":"(anonymous_0)","decl":{"start":{"line":4,"column":4},"end":{"line":4,"column":5}},"loc":{"start":{"line":4,"column":39},"end":{"line":21,"column":5}},"line":4},"1":{"name":"(anonymous_1)","decl":{"start":{"line":23,"column":4},"end":{"line":23,"column":5}},"loc":{"start":{"line":23,"column":33},"end":{"line":40,"column":5}},"line":23}},"branchMap":{},"s":{"0":1,"1":0,"2":0,"3":0,"4":0,"5":0,"6":0,"7":0,"8":0,"9":1},"f":{"0":0,"1":0},"b":{},"_coverageSchema":"1a1c01bbd47fc00a2c39e90264f33305004495a9","hash":"81abdd6c40bb50cb0ef116383efa547827391b2a"}
,"C:\\Users\\gabri\\Documents\\assessment\\api\\controllers\\users.controller.js": {"path":"C:\\Users\\gabri\\Documents\\assessment\\api\\controllers\\users.controller.js","statementMap":{"0":{"start":{"line":1,"column":21},"end":{"line":1,"column":57}},"1":{"start":{"line":5,"column":8},"end":{"line":20,"column":9}},"2":{"start":{"line":6,"column":29},"end":{"line":6,"column":58}},"3":{"start":{"line":8,"column":12},"end":{"line":13,"column":15}},"4":{"start":{"line":16,"column":12},"end":{"line":19,"column":15}},"5":{"start":{"line":62,"column":0},"end":{"line":62,"column":38}}},"fnMap":{"0":{"name":"(anonymous_0)","decl":{"start":{"line":4,"column":4},"end":{"line":4,"column":5}},"loc":{"start":{"line":4,"column":26},"end":{"line":21,"column":5}},"line":4}},"branchMap":{},"s":{"0":1,"1":0,"2":0,"3":0,"4":0,"5":1},"f":{"0":0},"b":{},"_coverageSchema":"1a1c01bbd47fc00a2c39e90264f33305004495a9","hash":"ee0be881230df796d96ffc2febb8e9fba011dcfb"}
,"C:\\Users\\gabri\\Documents\\assessment\\api\\helpers\\errorCodes.js": {"path":"C:\\Users\\gabri\\Documents\\assessment\\api\\helpers\\errorCodes.js","statementMap":{"0":{"start":{"line":1,"column":0},"end":{"line":62,"column":1}}},"fnMap":{},"branchMap":{},"s":{"0":4},"f":{},"b":{},"_coverageSchema":"1a1c01bbd47fc00a2c39e90264f33305004495a9","hash":"3599cbf61f22fdcbae51c8d066a5d7043a092241"}
,"C:\\Users\\gabri\\Documents\\assessment\\api\\helpers\\httpError.js": {"path":"C:\\Users\\gabri\\Documents\\assessment\\api\\helpers\\httpError.js","statementMap":{"0":{"start":{"line":3,"column":8},"end":{"line":3,"column":23}},"1":{"start":{"line":5,"column":8},"end":{"line":5,"column":25}},"2":{"start":{"line":6,"column":8},"end":{"line":6,"column":33}},"3":{"start":{"line":10,"column":0},"end":{"line":10,"column":27}}},"fnMap":{"0":{"name":"(anonymous_0)","decl":{"start":{"line":2,"column":4},"end":{"line":2,"column":5}},"loc":{"start":{"line":2,"column":45},"end":{"line":7,"column":5}},"line":2}},"branchMap":{},"s":{"0":7,"1":7,"2":7,"3":4},"f":{"0":7},"b":{},"_coverageSchema":"1a1c01bbd47fc00a2c39e90264f33305004495a9","hash":"91068b57b4506761a8be2f1cb92a0f6c0661727a"}
,"C:\\Users\\gabri\\Documents\\assessment\\api\\helpers\\httpResponses.js": {"path":"C:\\Users\\gabri\\Documents\\assessment\\api\\helpers\\httpResponses.js","statementMap":{"0":{"start":{"line":1,"column":0},"end":{"line":15,"column":1}}},"fnMap":{},"branchMap":{},"s":{"0":3},"f":{},"b":{},"_coverageSchema":"1a1c01bbd47fc00a2c39e90264f33305004495a9","hash":"4a7ea343aa31c5b58167a09eb508dc4135d8b41e"}
,"C:\\Users\\gabri\\Documents\\assessment\\api\\helpers\\services.helper.js": {"path":"C:\\Users\\gabri\\Documents\\assessment\\api\\helpers\\services.helper.js","statementMap":{"0":{"start":{"line":1,"column":18},"end":{"line":1,"column":49}},"1":{"start":{"line":2,"column":15},"end":{"line":2,"column":32}},"2":{"start":{"line":3,"column":34},"end":{"line":3,"column":66}},"3":{"start":{"line":4,"column":15},"end":{"line":4,"column":42}},"4":{"start":{"line":8,"column":8},"end":{"line":8,"column":56}},"5":{"start":{"line":12,"column":8},"end":{"line":12,"column":56}},"6":{"start":{"line":20,"column":8},"end":{"line":20,"column":74}},"7":{"start":{"line":28,"column":8},"end":{"line":34,"column":9}},"8":{"start":{"line":29,"column":29},"end":{"line":29,"column":53}},"9":{"start":{"line":30,"column":12},"end":{"line":30,"column":33}},"10":{"start":{"line":32,"column":12},"end":{"line":32,"column":79}},"11":{"start":{"line":33,"column":12},"end":{"line":33,"column":36}},"12":{"start":{"line":44,"column":8},"end":{"line":50,"column":9}},"13":{"start":{"line":45,"column":28},"end":{"line":45,"column":69}},"14":{"start":{"line":45,"column":48},"end":{"line":45,"column":68}},"15":{"start":{"line":46,"column":12},"end":{"line":46,"column":27}},"16":{"start":{"line":48,"column":12},"end":{"line":48,"column":68}},"17":{"start":{"line":49,"column":12},"end":{"line":49,"column":36}},"18":{"start":{"line":60,"column":8},"end":{"line":66,"column":9}},"19":{"start":{"line":61,"column":28},"end":{"line":61,"column":77}},"20":{"start":{"line":61,"column":50},"end":{"line":61,"column":76}},"21":{"start":{"line":62,"column":12},"end":{"line":62,"column":27}},"22":{"start":{"line":64,"column":12},"end":{"line":64,"column":71}},"23":{"start":{"line":65,"column":12},"end":{"line":65,"column":36}},"24":{"start":{"line":72,"column":0},"end":{"line":72,"column":37}}},"fnMap":{"0":{"name":"(anonymous_0)","decl":{"start":{"line":7,"column":4},"end":{"line":7,"column":5}},"loc":{"start":{"line":7,"column":20},"end":{"line":9,"column":5}},"line":7},"1":{"name":"(anonymous_1)","decl":{"start":{"line":11,"column":4},"end":{"line":11,"column":5}},"loc":{"start":{"line":11,"column":20},"end":{"line":13,"column":5}},"line":11},"2":{"name":"(anonymous_2)","decl":{"start":{"line":19,"column":4},"end":{"line":19,"column":5}},"loc":{"start":{"line":19,"column":23},"end":{"line":21,"column":5}},"line":19},"3":{"name":"(anonymous_3)","decl":{"start":{"line":27,"column":4},"end":{"line":27,"column":5}},"loc":{"start":{"line":27,"column":35},"end":{"line":35,"column":5}},"line":27},"4":{"name":"(anonymous_4)","decl":{"start":{"line":43,"column":4},"end":{"line":43,"column":5}},"loc":{"start":{"line":43,"column":32},"end":{"line":51,"column":5}},"line":43},"5":{"name":"(anonymous_5)","decl":{"start":{"line":45,"column":39},"end":{"line":45,"column":40}},"loc":{"start":{"line":45,"column":48},"end":{"line":45,"column":68}},"line":45},"6":{"name":"(anonymous_6)","decl":{"start":{"line":59,"column":4},"end":{"line":59,"column":5}},"loc":{"start":{"line":59,"column":35},"end":{"line":67,"column":5}},"line":59},"7":{"name":"(anonymous_7)","decl":{"start":{"line":61,"column":41},"end":{"line":61,"column":42}},"loc":{"start":{"line":61,"column":50},"end":{"line":61,"column":76}},"line":61}},"branchMap":{"0":{"loc":{"start":{"line":8,"column":15},"end":{"line":8,"column":55}},"type":"cond-expr","locations":[{"start":{"line":8,"column":43},"end":{"line":8,"column":47}},{"start":{"line":8,"column":50},"end":{"line":8,"column":55}}],"line":8},"1":{"loc":{"start":{"line":12,"column":15},"end":{"line":12,"column":55}},"type":"cond-expr","locations":[{"start":{"line":12,"column":43},"end":{"line":12,"column":47}},{"start":{"line":12,"column":50},"end":{"line":12,"column":55}}],"line":12},"2":{"loc":{"start":{"line":20,"column":15},"end":{"line":20,"column":73}},"type":"cond-expr","locations":[{"start":{"line":20,"column":44},"end":{"line":20,"column":49}},{"start":{"line":20,"column":52},"end":{"line":20,"column":73}}],"line":20}},"s":{"0":4,"1":4,"2":4,"3":4,"4":2,"5":0,"6":12,"7":0,"8":0,"9":0,"10":0,"11":0,"12":2,"13":2,"14":3,"15":2,"16":0,"17":0,"18":4,"19":4,"20":5,"21":4,"22":0,"23":0,"24":4},"f":{"0":2,"1":0,"2":12,"3":0,"4":2,"5":3,"6":4,"7":5},"b":{"0":[1,1],"1":[0,0],"2":[7,5]},"_coverageSchema":"1a1c01bbd47fc00a2c39e90264f33305004495a9","hash":"c762e6052cfb2af50986d375c79ad86a718aa4b3"}
,"C:\\Users\\gabri\\Documents\\assessment\\api\\middlewares\\authentication.middleware.js": {"path":"C:\\Users\\gabri\\Documents\\assessment\\api\\middlewares\\authentication.middleware.js","statementMap":{"0":{"start":{"line":1,"column":33},"end":{"line":1,"column":56}},"1":{"start":{"line":3,"column":20},"end":{"line":3,"column":56}},"2":{"start":{"line":5,"column":16},"end":{"line":8,"column":1}},"3":{"start":{"line":11,"column":0},"end":{"line":24,"column":3}},"4":{"start":{"line":13,"column":4},"end":{"line":23,"column":9}},"5":{"start":{"line":15,"column":12},"end":{"line":15,"column":29}},"6":{"start":{"line":16,"column":12},"end":{"line":16,"column":48}},"7":{"start":{"line":17,"column":12},"end":{"line":17,"column":38}},"8":{"start":{"line":20,"column":12},"end":{"line":20,"column":33}},"9":{"start":{"line":21,"column":12},"end":{"line":21,"column":29}}},"fnMap":{"0":{"name":"(anonymous_0)","decl":{"start":{"line":11,"column":39},"end":{"line":11,"column":40}},"loc":{"start":{"line":11,"column":63},"end":{"line":24,"column":1}},"line":11},"1":{"name":"(anonymous_1)","decl":{"start":{"line":14,"column":14},"end":{"line":14,"column":15}},"loc":{"start":{"line":14,"column":22},"end":{"line":18,"column":9}},"line":14},"2":{"name":"(anonymous_2)","decl":{"start":{"line":19,"column":15},"end":{"line":19,"column":16}},"loc":{"start":{"line":19,"column":24},"end":{"line":22,"column":9}},"line":19}},"branchMap":{"0":{"loc":{"start":{"line":16,"column":12},"end":{"line":16,"column":47}},"type":"binary-expr","locations":[{"start":{"line":16,"column":12},"end":{"line":16,"column":16}},{"start":{"line":16,"column":20},"end":{"line":16,"column":47}}],"line":16},"1":{"loc":{"start":{"line":17,"column":12},"end":{"line":17,"column":37}},"type":"binary-expr","locations":[{"start":{"line":17,"column":12},"end":{"line":17,"column":17}},{"start":{"line":17,"column":21},"end":{"line":17,"column":37}}],"line":17}},"s":{"0":1,"1":1,"2":1,"3":1,"4":0,"5":0,"6":0,"7":0,"8":0,"9":0},"f":{"0":0,"1":0,"2":0},"b":{"0":[0,0],"1":[0,0]},"_coverageSchema":"1a1c01bbd47fc00a2c39e90264f33305004495a9","hash":"ab802b1102093238443a3efc690ffca781e09f77"}
,"C:\\Users\\gabri\\Documents\\assessment\\api\\services\\clients.service.js": {"path":"C:\\Users\\gabri\\Documents\\assessment\\api\\services\\clients.service.js","statementMap":{"0":{"start":{"line":1,"column":15},"end":{"line":1,"column":42}},"1":{"start":{"line":2,"column":19},"end":{"line":2,"column":56}},"2":{"start":{"line":3,"column":18},"end":{"line":3,"column":49}},"3":{"start":{"line":4,"column":27},"end":{"line":4,"column":62}},"4":{"start":{"line":5,"column":22},"end":{"line":5,"column":54}},"5":{"start":{"line":9,"column":8},"end":{"line":33,"column":11}},"6":{"start":{"line":10,"column":12},"end":{"line":32,"column":13}},"7":{"start":{"line":11,"column":53},"end":{"line":11,"column":56}},"8":{"start":{"line":13,"column":16},"end":{"line":13,"column":111}},"9":{"start":{"line":13,"column":68},"end":{"line":13,"column":111}},"10":{"start":{"line":15,"column":29},"end":{"line":15,"column":89}},"11":{"start":{"line":17,"column":16},"end":{"line":17,"column":73}},"12":{"start":{"line":17,"column":42},"end":{"line":17,"column":73}},"13":{"start":{"line":19,"column":31},"end":{"line":19,"column":78}},"14":{"start":{"line":21,"column":30},"end":{"line":21,"column":55}},"15":{"start":{"line":23,"column":16},"end":{"line":27,"column":19}},"16":{"start":{"line":30,"column":16},"end":{"line":30,"column":77}},"17":{"start":{"line":31,"column":16},"end":{"line":31,"column":54}},"18":{"start":{"line":37,"column":8},"end":{"line":61,"column":11}},"19":{"start":{"line":38,"column":12},"end":{"line":60,"column":13}},"20":{"start":{"line":39,"column":54},"end":{"line":39,"column":57}},"21":{"start":{"line":41,"column":16},"end":{"line":41,"column":111}},"22":{"start":{"line":41,"column":68},"end":{"line":41,"column":111}},"23":{"start":{"line":43,"column":29},"end":{"line":43,"column":89}},"24":{"start":{"line":45,"column":16},"end":{"line":45,"column":73}},"25":{"start":{"line":45,"column":42},"end":{"line":45,"column":73}},"26":{"start":{"line":47,"column":31},"end":{"line":47,"column":86}},"27":{"start":{"line":49,"column":30},"end":{"line":49,"column":62}},"28":{"start":{"line":51,"column":16},"end":{"line":55,"column":19}},"29":{"start":{"line":58,"column":16},"end":{"line":58,"column":77}},"30":{"start":{"line":59,"column":16},"end":{"line":59,"column":54}},"31":{"start":{"line":65,"column":0},"end":{"line":65,"column":31}}},"fnMap":{"0":{"name":"(anonymous_0)","decl":{"start":{"line":8,"column":4},"end":{"line":8,"column":5}},"loc":{"start":{"line":8,"column":23},"end":{"line":34,"column":5}},"line":8},"1":{"name":"(anonymous_1)","decl":{"start":{"line":9,"column":27},"end":{"line":9,"column":28}},"loc":{"start":{"line":9,"column":54},"end":{"line":33,"column":9}},"line":9},"2":{"name":"(anonymous_2)","decl":{"start":{"line":36,"column":4},"end":{"line":36,"column":5}},"loc":{"start":{"line":36,"column":25},"end":{"line":62,"column":5}},"line":36},"3":{"name":"(anonymous_3)","decl":{"start":{"line":37,"column":27},"end":{"line":37,"column":28}},"loc":{"start":{"line":37,"column":54},"end":{"line":61,"column":9}},"line":37}},"branchMap":{"0":{"loc":{"start":{"line":13,"column":16},"end":{"line":13,"column":111}},"type":"if","locations":[{"start":{"line":13,"column":16},"end":{"line":13,"column":111}},{"start":{"line":13,"column":16},"end":{"line":13,"column":111}}],"line":13},"1":{"loc":{"start":{"line":13,"column":20},"end":{"line":13,"column":66}},"type":"binary-expr","locations":[{"start":{"line":13,"column":20},"end":{"line":13,"column":41}},{"start":{"line":13,"column":45},"end":{"line":13,"column":66}}],"line":13},"2":{"loc":{"start":{"line":17,"column":16},"end":{"line":17,"column":73}},"type":"if","locations":[{"start":{"line":17,"column":16},"end":{"line":17,"column":73}},{"start":{"line":17,"column":16},"end":{"line":17,"column":73}}],"line":17},"3":{"loc":{"start":{"line":21,"column":30},"end":{"line":21,"column":55}},"type":"cond-expr","locations":[{"start":{"line":21,"column":40},"end":{"line":21,"column":50}},{"start":{"line":21,"column":53},"end":{"line":21,"column":55}}],"line":21},"4":{"loc":{"start":{"line":41,"column":16},"end":{"line":41,"column":111}},"type":"if","locations":[{"start":{"line":41,"column":16},"end":{"line":41,"column":111}},{"start":{"line":41,"column":16},"end":{"line":41,"column":111}}],"line":41},"5":{"loc":{"start":{"line":41,"column":20},"end":{"line":41,"column":66}},"type":"binary-expr","locations":[{"start":{"line":41,"column":20},"end":{"line":41,"column":41}},{"start":{"line":41,"column":45},"end":{"line":41,"column":66}}],"line":41},"6":{"loc":{"start":{"line":45,"column":16},"end":{"line":45,"column":73}},"type":"if","locations":[{"start":{"line":45,"column":16},"end":{"line":45,"column":73}},{"start":{"line":45,"column":16},"end":{"line":45,"column":73}}],"line":45},"7":{"loc":{"start":{"line":49,"column":30},"end":{"line":49,"column":62}},"type":"cond-expr","locations":[{"start":{"line":49,"column":47},"end":{"line":49,"column":57}},{"start":{"line":49,"column":60},"end":{"line":49,"column":62}}],"line":49}},"s":{"0":2,"1":2,"2":2,"3":2,"4":2,"5":4,"6":4,"7":4,"8":4,"9":0,"10":4,"11":3,"12":1,"13":2,"14":2,"15":2,"16":2,"17":2,"18":3,"19":3,"20":3,"21":3,"22":0,"23":3,"24":2,"25":1,"26":1,"27":1,"28":1,"29":2,"30":2,"31":2},"f":{"0":4,"1":4,"2":3,"3":3},"b":{"0":[0,4],"1":[4,4],"2":[1,2],"3":[1,1],"4":[0,3],"5":[3,3],"6":[1,1],"7":[1,0]},"_coverageSchema":"1a1c01bbd47fc00a2c39e90264f33305004495a9","hash":"891e4657b871399978bfd4dc59bfe19b5bc08380"}
,"C:\\Users\\gabri\\Documents\\assessment\\api\\services\\policies.service.js": {"path":"C:\\Users\\gabri\\Documents\\assessment\\api\\services\\policies.service.js","statementMap":{"0":{"start":{"line":1,"column":15},"end":{"line":1,"column":42}},"1":{"start":{"line":2,"column":19},"end":{"line":2,"column":56}},"2":{"start":{"line":3,"column":18},"end":{"line":3,"column":49}},"3":{"start":{"line":4,"column":36},"end":{"line":4,"column":71}},"4":{"start":{"line":5,"column":75},"end":{"line":5,"column":107}},"5":{"start":{"line":9,"column":8},"end":{"line":37,"column":11}},"6":{"start":{"line":10,"column":12},"end":{"line":36,"column":13}},"7":{"start":{"line":11,"column":54},"end":{"line":11,"column":57}},"8":{"start":{"line":13,"column":16},"end":{"line":13,"column":86}},"9":{"start":{"line":13,"column":43},"end":{"line":13,"column":86}},"10":{"start":{"line":15,"column":35},"end":{"line":15,"column":95}},"11":{"start":{"line":16,"column":31},"end":{"line":16,"column":89}},"12":{"start":{"line":18,"column":16},"end":{"line":18,"column":65}},"13":{"start":{"line":18,"column":29},"end":{"line":18,"column":65}},"14":{"start":{"line":20,"column":29},"end":{"line":20,"column":91}},"15":{"start":{"line":22,"column":16},"end":{"line":22,"column":74}},"16":{"start":{"line":22,"column":43},"end":{"line":22,"column":74}},"17":{"start":{"line":24,"column":33},"end":{"line":24,"column":89}},"18":{"start":{"line":25,"column":30},"end":{"line":25,"column":64}},"19":{"start":{"line":27,"column":16},"end":{"line":31,"column":19}},"20":{"start":{"line":34,"column":16},"end":{"line":34,"column":85}},"21":{"start":{"line":35,"column":16},"end":{"line":35,"column":54}},"22":{"start":{"line":41,"column":8},"end":{"line":69,"column":10}},"23":{"start":{"line":42,"column":12},"end":{"line":68,"column":13}},"24":{"start":{"line":43,"column":55},"end":{"line":43,"column":58}},"25":{"start":{"line":45,"column":16},"end":{"line":45,"column":86}},"26":{"start":{"line":45,"column":43},"end":{"line":45,"column":86}},"27":{"start":{"line":47,"column":29},"end":{"line":47,"column":91}},"28":{"start":{"line":49,"column":16},"end":{"line":49,"column":74}},"29":{"start":{"line":49,"column":43},"end":{"line":49,"column":74}},"30":{"start":{"line":51,"column":31},"end":{"line":51,"column":81}},"31":{"start":{"line":53,"column":16},"end":{"line":53,"column":60}},"32":{"start":{"line":53,"column":29},"end":{"line":53,"column":60}},"33":{"start":{"line":55,"column":35},"end":{"line":55,"column":95}},"34":{"start":{"line":56,"column":32},"end":{"line":56,"column":97}},"35":{"start":{"line":58,"column":30},"end":{"line":58,"column":63}},"36":{"start":{"line":60,"column":16},"end":{"line":64,"column":19}},"37":{"start":{"line":66,"column":16},"end":{"line":66,"column":85}},"38":{"start":{"line":67,"column":16},"end":{"line":67,"column":54}},"39":{"start":{"line":73,"column":0},"end":{"line":73,"column":32}}},"fnMap":{"0":{"name":"(anonymous_0)","decl":{"start":{"line":8,"column":4},"end":{"line":8,"column":5}},"loc":{"start":{"line":8,"column":31},"end":{"line":38,"column":5}},"line":8},"1":{"name":"(anonymous_1)","decl":{"start":{"line":9,"column":27},"end":{"line":9,"column":28}},"loc":{"start":{"line":9,"column":54},"end":{"line":37,"column":9}},"line":9},"2":{"name":"(anonymous_2)","decl":{"start":{"line":40,"column":4},"end":{"line":40,"column":5}},"loc":{"start":{"line":40,"column":25},"end":{"line":70,"column":5}},"line":40},"3":{"name":"(anonymous_3)","decl":{"start":{"line":41,"column":27},"end":{"line":41,"column":28}},"loc":{"start":{"line":41,"column":54},"end":{"line":69,"column":9}},"line":41}},"branchMap":{"0":{"loc":{"start":{"line":13,"column":16},"end":{"line":13,"column":86}},"type":"if","locations":[{"start":{"line":13,"column":16},"end":{"line":13,"column":86}},{"start":{"line":13,"column":16},"end":{"line":13,"column":86}}],"line":13},"1":{"loc":{"start":{"line":18,"column":16},"end":{"line":18,"column":65}},"type":"if","locations":[{"start":{"line":18,"column":16},"end":{"line":18,"column":65}},{"start":{"line":18,"column":16},"end":{"line":18,"column":65}}],"line":18},"2":{"loc":{"start":{"line":22,"column":16},"end":{"line":22,"column":74}},"type":"if","locations":[{"start":{"line":22,"column":16},"end":{"line":22,"column":74}},{"start":{"line":22,"column":16},"end":{"line":22,"column":74}}],"line":22},"3":{"loc":{"start":{"line":25,"column":30},"end":{"line":25,"column":64}},"type":"cond-expr","locations":[{"start":{"line":25,"column":49},"end":{"line":25,"column":59}},{"start":{"line":25,"column":62},"end":{"line":25,"column":64}}],"line":25},"4":{"loc":{"start":{"line":45,"column":16},"end":{"line":45,"column":86}},"type":"if","locations":[{"start":{"line":45,"column":16},"end":{"line":45,"column":86}},{"start":{"line":45,"column":16},"end":{"line":45,"column":86}}],"line":45},"5":{"loc":{"start":{"line":49,"column":16},"end":{"line":49,"column":74}},"type":"if","locations":[{"start":{"line":49,"column":16},"end":{"line":49,"column":74}},{"start":{"line":49,"column":16},"end":{"line":49,"column":74}}],"line":49},"6":{"loc":{"start":{"line":53,"column":16},"end":{"line":53,"column":60}},"type":"if","locations":[{"start":{"line":53,"column":16},"end":{"line":53,"column":60}},{"start":{"line":53,"column":16},"end":{"line":53,"column":60}}],"line":53},"7":{"loc":{"start":{"line":58,"column":30},"end":{"line":58,"column":63}},"type":"cond-expr","locations":[{"start":{"line":58,"column":48},"end":{"line":58,"column":58}},{"start":{"line":58,"column":61},"end":{"line":58,"column":63}}],"line":58}},"s":{"0":3,"1":3,"2":3,"3":3,"4":3,"5":5,"6":5,"7":5,"8":5,"9":0,"10":5,"11":4,"12":4,"13":1,"14":3,"15":3,"16":1,"17":2,"18":2,"19":2,"20":3,"21":3,"22":5,"23":5,"24":5,"25":5,"26":0,"27":5,"28":4,"29":1,"30":3,"31":3,"32":1,"33":2,"34":2,"35":2,"36":2,"37":3,"38":3,"39":3},"f":{"0":5,"1":5,"2":5,"3":5},"b":{"0":[0,5],"1":[1,3],"2":[1,2],"3":[1,1],"4":[0,5],"5":[1,3],"6":[1,2],"7":[1,1]},"_coverageSchema":"1a1c01bbd47fc00a2c39e90264f33305004495a9","hash":"feb682dcb5f4617c7dc23a2f2db95e2886391a05"}
,"C:\\Users\\gabri\\Documents\\assessment\\api\\services\\users.service.js": {"path":"C:\\Users\\gabri\\Documents\\assessment\\api\\services\\users.service.js","statementMap":{"0":{"start":{"line":2,"column":12},"end":{"line":2,"column":35}},"1":{"start":{"line":4,"column":19},"end":{"line":4,"column":56}},"2":{"start":{"line":5,"column":15},"end":{"line":5,"column":42}},"3":{"start":{"line":6,"column":18},"end":{"line":6,"column":49}},"4":{"start":{"line":7,"column":87},"end":{"line":7,"column":119}},"5":{"start":{"line":8,"column":15},"end":{"line":8,"column":50}},"6":{"start":{"line":17,"column":8},"end":{"line":26,"column":11}},"7":{"start":{"line":18,"column":12},"end":{"line":25,"column":13}},"8":{"start":{"line":19,"column":29},"end":{"line":19,"column":89}},"9":{"start":{"line":20,"column":29},"end":{"line":20,"column":72}},"10":{"start":{"line":21,"column":16},"end":{"line":21,"column":30}},"11":{"start":{"line":23,"column":16},"end":{"line":23,"column":75}},"12":{"start":{"line":24,"column":16},"end":{"line":24,"column":62}},"13":{"start":{"line":34,"column":8},"end":{"line":43,"column":11}},"14":{"start":{"line":35,"column":12},"end":{"line":42,"column":13}},"15":{"start":{"line":36,"column":29},"end":{"line":36,"column":89}},"16":{"start":{"line":37,"column":29},"end":{"line":37,"column":81}},"17":{"start":{"line":38,"column":16},"end":{"line":38,"column":30}},"18":{"start":{"line":40,"column":16},"end":{"line":40,"column":75}},"19":{"start":{"line":41,"column":16},"end":{"line":41,"column":62}},"20":{"start":{"line":52,"column":8},"end":{"line":77,"column":11}},"21":{"start":{"line":53,"column":12},"end":{"line":76,"column":13}},"22":{"start":{"line":54,"column":47},"end":{"line":54,"column":55}},"23":{"start":{"line":56,"column":16},"end":{"line":56,"column":120}},"24":{"start":{"line":56,"column":86},"end":{"line":56,"column":120}},"25":{"start":{"line":58,"column":29},"end":{"line":58,"column":67}},"26":{"start":{"line":60,"column":16},"end":{"line":60,"column":63}},"27":{"start":{"line":60,"column":27},"end":{"line":60,"column":63}},"28":{"start":{"line":62,"column":30},"end":{"line":66,"column":17}},"29":{"start":{"line":68,"column":16},"end":{"line":68,"column":42}},"30":{"start":{"line":70,"column":16},"end":{"line":70,"column":69}},"31":{"start":{"line":71,"column":16},"end":{"line":75,"column":17}},"32":{"start":{"line":72,"column":20},"end":{"line":72,"column":58}},"33":{"start":{"line":74,"column":20},"end":{"line":74,"column":64}},"34":{"start":{"line":81,"column":0},"end":{"line":81,"column":35}}},"fnMap":{"0":{"name":"(anonymous_0)","decl":{"start":{"line":16,"column":4},"end":{"line":16,"column":5}},"loc":{"start":{"line":16,"column":20},"end":{"line":27,"column":5}},"line":16},"1":{"name":"(anonymous_1)","decl":{"start":{"line":17,"column":27},"end":{"line":17,"column":28}},"loc":{"start":{"line":17,"column":54},"end":{"line":26,"column":9}},"line":17},"2":{"name":"(anonymous_2)","decl":{"start":{"line":33,"column":4},"end":{"line":33,"column":5}},"loc":{"start":{"line":33,"column":32},"end":{"line":44,"column":5}},"line":33},"3":{"name":"(anonymous_3)","decl":{"start":{"line":34,"column":27},"end":{"line":34,"column":28}},"loc":{"start":{"line":34,"column":54},"end":{"line":43,"column":9}},"line":34},"4":{"name":"(anonymous_4)","decl":{"start":{"line":51,"column":4},"end":{"line":51,"column":5}},"loc":{"start":{"line":51,"column":15},"end":{"line":78,"column":5}},"line":51},"5":{"name":"(anonymous_5)","decl":{"start":{"line":52,"column":27},"end":{"line":52,"column":28}},"loc":{"start":{"line":52,"column":54},"end":{"line":77,"column":9}},"line":52}},"branchMap":{"0":{"loc":{"start":{"line":56,"column":16},"end":{"line":56,"column":120}},"type":"if","locations":[{"start":{"line":56,"column":16},"end":{"line":56,"column":120}},{"start":{"line":56,"column":16},"end":{"line":56,"column":120}}],"line":56},"1":{"loc":{"start":{"line":56,"column":20},"end":{"line":56,"column":84}},"type":"binary-expr","locations":[{"start":{"line":56,"column":20},"end":{"line":56,"column":50}},{"start":{"line":56,"column":54},"end":{"line":56,"column":84}}],"line":56},"2":{"loc":{"start":{"line":60,"column":16},"end":{"line":60,"column":63}},"type":"if","locations":[{"start":{"line":60,"column":16},"end":{"line":60,"column":63}},{"start":{"line":60,"column":16},"end":{"line":60,"column":63}}],"line":60},"3":{"loc":{"start":{"line":71,"column":16},"end":{"line":75,"column":17}},"type":"if","locations":[{"start":{"line":71,"column":16},"end":{"line":75,"column":17}},{"start":{"line":71,"column":16},"end":{"line":75,"column":17}}],"line":71}},"s":{"0":1,"1":1,"2":1,"3":1,"4":1,"5":1,"6":0,"7":0,"8":0,"9":0,"10":0,"11":0,"12":0,"13":0,"14":0,"15":0,"16":0,"17":0,"18":0,"19":0,"20":0,"21":0,"22":0,"23":0,"24":0,"25":0,"26":0,"27":0,"28":0,"29":0,"30":0,"31":0,"32":0,"33":0,"34":1},"f":{"0":0,"1":0,"2":0,"3":0,"4":0,"5":0},"b":{"0":[0,0],"1":[0,0],"2":[0,0],"3":[0,0]},"_coverageSchema":"1a1c01bbd47fc00a2c39e90264f33305004495a9","hash":"f8a72709dede69e5c54e37dffc9faae27926bc20"}
,"C:\\Users\\gabri\\Documents\\assessment\\config\\express.js": {"path":"C:\\Users\\gabri\\Documents\\assessment\\config\\express.js","statementMap":{"0":{"start":{"line":1,"column":19},"end":{"line":1,"column":41}},"1":{"start":{"line":6,"column":0},"end":{"line":9,"column":1}},"2":{"start":{"line":7,"column":4},"end":{"line":7,"column":55}},"3":{"start":{"line":8,"column":4},"end":{"line":8,"column":30}}},"fnMap":{"0":{"name":"(anonymous_0)","decl":{"start":{"line":6,"column":17},"end":{"line":6,"column":18}},"loc":{"start":{"line":6,"column":32},"end":{"line":9,"column":1}},"line":6}},"branchMap":{},"s":{"0":1,"1":1,"2":1,"3":1},"f":{"0":1},"b":{},"_coverageSchema":"1a1c01bbd47fc00a2c39e90264f33305004495a9","hash":"701025fbe0007fb6ccab128d04c50bbf8d59718b"}
,"C:\\Users\\gabri\\Documents\\assessment\\routes\\clients.routes.js": {"path":"C:\\Users\\gabri\\Documents\\assessment\\routes\\clients.routes.js","statementMap":{"0":{"start":{"line":1,"column":19},"end":{"line":1,"column":66}},"1":{"start":{"line":2,"column":17},"end":{"line":2,"column":36}},"2":{"start":{"line":4,"column":0},"end":{"line":10,"column":1}},"3":{"start":{"line":5,"column":21},"end":{"line":5,"column":37}},"4":{"start":{"line":6,"column":4},"end":{"line":8,"column":92}},"5":{"start":{"line":9,"column":4},"end":{"line":9,"column":53}}},"fnMap":{"0":{"name":"(anonymous_0)","decl":{"start":{"line":4,"column":17},"end":{"line":4,"column":18}},"loc":{"start":{"line":4,"column":41},"end":{"line":10,"column":1}},"line":4}},"branchMap":{},"s":{"0":1,"1":1,"2":1,"3":1,"4":1,"5":1},"f":{"0":1},"b":{},"_coverageSchema":"1a1c01bbd47fc00a2c39e90264f33305004495a9","hash":"d9d2de946b307dfafff9033a40f818ac35028dec"}
,"C:\\Users\\gabri\\Documents\\assessment\\routes\\policies.routes.js": {"path":"C:\\Users\\gabri\\Documents\\assessment\\routes\\policies.routes.js","statementMap":{"0":{"start":{"line":1,"column":21},"end":{"line":1,"column":70}},"1":{"start":{"line":2,"column":17},"end":{"line":2,"column":36}},"2":{"start":{"line":4,"column":0},"end":{"line":10,"column":1}},"3":{"start":{"line":5,"column":22},"end":{"line":5,"column":38}},"4":{"start":{"line":6,"column":4},"end":{"line":8,"column":103}},"5":{"start":{"line":9,"column":4},"end":{"line":9,"column":55}}},"fnMap":{"0":{"name":"(anonymous_0)","decl":{"start":{"line":4,"column":17},"end":{"line":4,"column":18}},"loc":{"start":{"line":4,"column":41},"end":{"line":10,"column":1}},"line":4}},"branchMap":{},"s":{"0":1,"1":1,"2":1,"3":1,"4":1,"5":1},"f":{"0":1},"b":{},"_coverageSchema":"1a1c01bbd47fc00a2c39e90264f33305004495a9","hash":"564269ee15e6f61b22784aae6ade07147a65abaa"}
,"C:\\Users\\gabri\\Documents\\assessment\\routes\\user.routes.js": {"path":"C:\\Users\\gabri\\Documents\\assessment\\routes\\user.routes.js","statementMap":{"0":{"start":{"line":1,"column":18},"end":{"line":1,"column":64}},"1":{"start":{"line":4,"column":0},"end":{"line":9,"column":1}},"2":{"start":{"line":5,"column":18},"end":{"line":5,"column":34}},"3":{"start":{"line":6,"column":4},"end":{"line":7,"column":40}},"4":{"start":{"line":8,"column":4},"end":{"line":8,"column":42}}},"fnMap":{"0":{"name":"(anonymous_0)","decl":{"start":{"line":4,"column":17},"end":{"line":4,"column":18}},"loc":{"start":{"line":4,"column":41},"end":{"line":9,"column":1}},"line":4}},"branchMap":{},"s":{"0":1,"1":1,"2":1,"3":1,"4":1},"f":{"0":1},"b":{},"_coverageSchema":"1a1c01bbd47fc00a2c39e90264f33305004495a9","hash":"5478afbcb39e636463b5fde64270279d74fc6bfc"}
}
