{"C:\\Users\\gabri\\Documents\\assessment\\api\\common\\logger.js": {"path":"C:\\Users\\gabri\\Documents\\assessment\\api\\common\\logger.js","statementMap":{"0":{"start":{"line":3,"column":16},"end":{"line":3,"column":34}},"1":{"start":{"line":4,"column":11},"end":{"line":4,"column":24}},"2":{"start":{"line":6,"column":45},"end":{"line":6,"column":52}},"3":{"start":{"line":7,"column":39},"end":{"line":7,"column":45}},"4":{"start":{"line":9,"column":17},"end":{"line":11,"column":2}},"5":{"start":{"line":10,"column":2},"end":{"line":10,"column":102}},"6":{"start":{"line":13,"column":15},"end":{"line":22,"column":2}},"7":{"start":{"line":24,"column":0},"end":{"line":24,"column":24}}},"fnMap":{"0":{"name":"(anonymous_0)","decl":{"start":{"line":9,"column":24},"end":{"line":9,"column":25}},"loc":{"start":{"line":9,"column":32},"end":{"line":11,"column":1}},"line":9}},"branchMap":{"0":{"loc":{"start":{"line":21,"column":9},"end":{"line":21,"column":41}},"type":"binary-expr","locations":[{"start":{"line":21,"column":9},"end":{"line":21,"column":30}},{"start":{"line":21,"column":34},"end":{"line":21,"column":41}}],"line":21}},"s":{"0":3,"1":3,"2":3,"3":3,"4":3,"5":10,"6":3,"7":3},"f":{"0":10},"b":{"0":[3,3]},"_coverageSchema":"1a1c01bbd47fc00a2c39e90264f33305004495a9","hash":"022cbf28d7ccedfe8b785573a658407c03d15945"}
,"C:\\Users\\gabri\\Documents\\assessment\\api\\helpers\\errorCodes.js": {"path":"C:\\Users\\gabri\\Documents\\assessment\\api\\helpers\\errorCodes.js","statementMap":{"0":{"start":{"line":1,"column":0},"end":{"line":62,"column":1}}},"fnMap":{},"branchMap":{},"s":{"0":3},"f":{},"b":{},"_coverageSchema":"1a1c01bbd47fc00a2c39e90264f33305004495a9","hash":"3599cbf61f22fdcbae51c8d066a5d7043a092241"}
,"C:\\Users\\gabri\\Documents\\assessment\\api\\helpers\\httpError.js": {"path":"C:\\Users\\gabri\\Documents\\assessment\\api\\helpers\\httpError.js","statementMap":{"0":{"start":{"line":3,"column":8},"end":{"line":3,"column":23}},"1":{"start":{"line":5,"column":8},"end":{"line":5,"column":25}},"2":{"start":{"line":6,"column":8},"end":{"line":6,"column":33}},"3":{"start":{"line":10,"column":0},"end":{"line":10,"column":27}}},"fnMap":{"0":{"name":"(anonymous_0)","decl":{"start":{"line":2,"column":4},"end":{"line":2,"column":5}},"loc":{"start":{"line":2,"column":45},"end":{"line":7,"column":5}},"line":2}},"branchMap":{},"s":{"0":7,"1":7,"2":7,"3":3},"f":{"0":7},"b":{},"_coverageSchema":"1a1c01bbd47fc00a2c39e90264f33305004495a9","hash":"91068b57b4506761a8be2f1cb92a0f6c0661727a"}
,"C:\\Users\\gabri\\Documents\\assessment\\api\\helpers\\httpResponses.js": {"path":"C:\\Users\\gabri\\Documents\\assessment\\api\\helpers\\httpResponses.js","statementMap":{"0":{"start":{"line":1,"column":0},"end":{"line":15,"column":1}}},"fnMap":{},"branchMap":{},"s":{"0":2},"f":{},"b":{},"_coverageSchema":"1a1c01bbd47fc00a2c39e90264f33305004495a9","hash":"4a7ea343aa31c5b58167a09eb508dc4135d8b41e"}
,"C:\\Users\\gabri\\Documents\\assessment\\api\\helpers\\services.helper.js": {"path":"C:\\Users\\gabri\\Documents\\assessment\\api\\helpers\\services.helper.js","statementMap":{"0":{"start":{"line":1,"column":18},"end":{"line":1,"column":49}},"1":{"start":{"line":2,"column":15},"end":{"line":2,"column":32}},"2":{"start":{"line":3,"column":34},"end":{"line":3,"column":66}},"3":{"start":{"line":4,"column":15},"end":{"line":4,"column":42}},"4":{"start":{"line":8,"column":8},"end":{"line":8,"column":56}},"5":{"start":{"line":12,"column":8},"end":{"line":12,"column":56}},"6":{"start":{"line":20,"column":8},"end":{"line":20,"column":74}},"7":{"start":{"line":28,"column":8},"end":{"line":34,"column":9}},"8":{"start":{"line":29,"column":29},"end":{"line":29,"column":53}},"9":{"start":{"line":30,"column":12},"end":{"line":30,"column":33}},"10":{"start":{"line":32,"column":12},"end":{"line":32,"column":79}},"11":{"start":{"line":33,"column":12},"end":{"line":33,"column":36}},"12":{"start":{"line":44,"column":8},"end":{"line":50,"column":9}},"13":{"start":{"line":45,"column":28},"end":{"line":45,"column":69}},"14":{"start":{"line":45,"column":48},"end":{"line":45,"column":68}},"15":{"start":{"line":46,"column":12},"end":{"line":46,"column":27}},"16":{"start":{"line":48,"column":12},"end":{"line":48,"column":68}},"17":{"start":{"line":49,"column":12},"end":{"line":49,"column":36}},"18":{"start":{"line":60,"column":8},"end":{"line":66,"column":9}},"19":{"start":{"line":61,"column":28},"end":{"line":61,"column":77}},"20":{"start":{"line":61,"column":50},"end":{"line":61,"column":76}},"21":{"start":{"line":62,"column":12},"end":{"line":62,"column":27}},"22":{"start":{"line":64,"column":12},"end":{"line":64,"column":71}},"23":{"start":{"line":65,"column":12},"end":{"line":65,"column":36}},"24":{"start":{"line":72,"column":0},"end":{"line":72,"column":37}}},"fnMap":{"0":{"name":"(anonymous_0)","decl":{"start":{"line":7,"column":4},"end":{"line":7,"column":5}},"loc":{"start":{"line":7,"column":20},"end":{"line":9,"column":5}},"line":7},"1":{"name":"(anonymous_1)","decl":{"start":{"line":11,"column":4},"end":{"line":11,"column":5}},"loc":{"start":{"line":11,"column":20},"end":{"line":13,"column":5}},"line":11},"2":{"name":"(anonymous_2)","decl":{"start":{"line":19,"column":4},"end":{"line":19,"column":5}},"loc":{"start":{"line":19,"column":23},"end":{"line":21,"column":5}},"line":19},"3":{"name":"(anonymous_3)","decl":{"start":{"line":27,"column":4},"end":{"line":27,"column":5}},"loc":{"start":{"line":27,"column":35},"end":{"line":35,"column":5}},"line":27},"4":{"name":"(anonymous_4)","decl":{"start":{"line":43,"column":4},"end":{"line":43,"column":5}},"loc":{"start":{"line":43,"column":32},"end":{"line":51,"column":5}},"line":43},"5":{"name":"(anonymous_5)","decl":{"start":{"line":45,"column":39},"end":{"line":45,"column":40}},"loc":{"start":{"line":45,"column":48},"end":{"line":45,"column":68}},"line":45},"6":{"name":"(anonymous_6)","decl":{"start":{"line":59,"column":4},"end":{"line":59,"column":5}},"loc":{"start":{"line":59,"column":35},"end":{"line":67,"column":5}},"line":59},"7":{"name":"(anonymous_7)","decl":{"start":{"line":61,"column":41},"end":{"line":61,"column":42}},"loc":{"start":{"line":61,"column":50},"end":{"line":61,"column":76}},"line":61}},"branchMap":{"0":{"loc":{"start":{"line":8,"column":15},"end":{"line":8,"column":55}},"type":"cond-expr","locations":[{"start":{"line":8,"column":43},"end":{"line":8,"column":47}},{"start":{"line":8,"column":50},"end":{"line":8,"column":55}}],"line":8},"1":{"loc":{"start":{"line":12,"column":15},"end":{"line":12,"column":55}},"type":"cond-expr","locations":[{"start":{"line":12,"column":43},"end":{"line":12,"column":47}},{"start":{"line":12,"column":50},"end":{"line":12,"column":55}}],"line":12},"2":{"loc":{"start":{"line":20,"column":15},"end":{"line":20,"column":73}},"type":"cond-expr","locations":[{"start":{"line":20,"column":44},"end":{"line":20,"column":49}},{"start":{"line":20,"column":52},"end":{"line":20,"column":73}}],"line":20}},"s":{"0":3,"1":3,"2":3,"3":3,"4":2,"5":0,"6":12,"7":0,"8":0,"9":0,"10":0,"11":0,"12":0,"13":0,"14":0,"15":0,"16":0,"17":0,"18":2,"19":2,"20":1,"21":2,"22":0,"23":0,"24":3},"f":{"0":2,"1":0,"2":12,"3":0,"4":0,"5":0,"6":2,"7":1},"b":{"0":[1,1],"1":[0,0],"2":[7,5]},"_coverageSchema":"1a1c01bbd47fc00a2c39e90264f33305004495a9","hash":"c762e6052cfb2af50986d375c79ad86a718aa4b3"}
,"C:\\Users\\gabri\\Documents\\assessment\\api\\services\\clients.service.js": {"path":"C:\\Users\\gabri\\Documents\\assessment\\api\\services\\clients.service.js","statementMap":{"0":{"start":{"line":1,"column":15},"end":{"line":1,"column":42}},"1":{"start":{"line":2,"column":19},"end":{"line":2,"column":56}},"2":{"start":{"line":3,"column":18},"end":{"line":3,"column":49}},"3":{"start":{"line":4,"column":27},"end":{"line":4,"column":62}},"4":{"start":{"line":5,"column":22},"end":{"line":5,"column":54}},"5":{"start":{"line":9,"column":8},"end":{"line":33,"column":11}},"6":{"start":{"line":10,"column":12},"end":{"line":32,"column":13}},"7":{"start":{"line":11,"column":53},"end":{"line":11,"column":56}},"8":{"start":{"line":13,"column":16},"end":{"line":13,"column":111}},"9":{"start":{"line":13,"column":68},"end":{"line":13,"column":111}},"10":{"start":{"line":15,"column":29},"end":{"line":15,"column":89}},"11":{"start":{"line":17,"column":16},"end":{"line":17,"column":73}},"12":{"start":{"line":17,"column":42},"end":{"line":17,"column":73}},"13":{"start":{"line":19,"column":31},"end":{"line":19,"column":78}},"14":{"start":{"line":21,"column":30},"end":{"line":21,"column":55}},"15":{"start":{"line":23,"column":16},"end":{"line":27,"column":19}},"16":{"start":{"line":30,"column":16},"end":{"line":30,"column":77}},"17":{"start":{"line":31,"column":16},"end":{"line":31,"column":54}},"18":{"start":{"line":37,"column":8},"end":{"line":61,"column":11}},"19":{"start":{"line":38,"column":12},"end":{"line":60,"column":13}},"20":{"start":{"line":39,"column":54},"end":{"line":39,"column":57}},"21":{"start":{"line":41,"column":16},"end":{"line":41,"column":111}},"22":{"start":{"line":41,"column":68},"end":{"line":41,"column":111}},"23":{"start":{"line":43,"column":29},"end":{"line":43,"column":89}},"24":{"start":{"line":45,"column":16},"end":{"line":45,"column":73}},"25":{"start":{"line":45,"column":42},"end":{"line":45,"column":73}},"26":{"start":{"line":47,"column":31},"end":{"line":47,"column":86}},"27":{"start":{"line":49,"column":30},"end":{"line":49,"column":62}},"28":{"start":{"line":51,"column":16},"end":{"line":55,"column":19}},"29":{"start":{"line":58,"column":16},"end":{"line":58,"column":77}},"30":{"start":{"line":59,"column":16},"end":{"line":59,"column":54}},"31":{"start":{"line":65,"column":0},"end":{"line":65,"column":31}}},"fnMap":{"0":{"name":"(anonymous_0)","decl":{"start":{"line":8,"column":4},"end":{"line":8,"column":5}},"loc":{"start":{"line":8,"column":23},"end":{"line":34,"column":5}},"line":8},"1":{"name":"(anonymous_1)","decl":{"start":{"line":9,"column":27},"end":{"line":9,"column":28}},"loc":{"start":{"line":9,"column":54},"end":{"line":33,"column":9}},"line":9},"2":{"name":"(anonymous_2)","decl":{"start":{"line":36,"column":4},"end":{"line":36,"column":5}},"loc":{"start":{"line":36,"column":25},"end":{"line":62,"column":5}},"line":36},"3":{"name":"(anonymous_3)","decl":{"start":{"line":37,"column":27},"end":{"line":37,"column":28}},"loc":{"start":{"line":37,"column":54},"end":{"line":61,"column":9}},"line":37}},"branchMap":{"0":{"loc":{"start":{"line":13,"column":16},"end":{"line":13,"column":111}},"type":"if","locations":[{"start":{"line":13,"column":16},"end":{"line":13,"column":111}},{"start":{"line":13,"column":16},"end":{"line":13,"column":111}}],"line":13},"1":{"loc":{"start":{"line":13,"column":20},"end":{"line":13,"column":66}},"type":"binary-expr","locations":[{"start":{"line":13,"column":20},"end":{"line":13,"column":41}},{"start":{"line":13,"column":45},"end":{"line":13,"column":66}}],"line":13},"2":{"loc":{"start":{"line":17,"column":16},"end":{"line":17,"column":73}},"type":"if","locations":[{"start":{"line":17,"column":16},"end":{"line":17,"column":73}},{"start":{"line":17,"column":16},"end":{"line":17,"column":73}}],"line":17},"3":{"loc":{"start":{"line":21,"column":30},"end":{"line":21,"column":55}},"type":"cond-expr","locations":[{"start":{"line":21,"column":40},"end":{"line":21,"column":50}},{"start":{"line":21,"column":53},"end":{"line":21,"column":55}}],"line":21},"4":{"loc":{"start":{"line":41,"column":16},"end":{"line":41,"column":111}},"type":"if","locations":[{"start":{"line":41,"column":16},"end":{"line":41,"column":111}},{"start":{"line":41,"column":16},"end":{"line":41,"column":111}}],"line":41},"5":{"loc":{"start":{"line":41,"column":20},"end":{"line":41,"column":66}},"type":"binary-expr","locations":[{"start":{"line":41,"column":20},"end":{"line":41,"column":41}},{"start":{"line":41,"column":45},"end":{"line":41,"column":66}}],"line":41},"6":{"loc":{"start":{"line":45,"column":16},"end":{"line":45,"column":73}},"type":"if","locations":[{"start":{"line":45,"column":16},"end":{"line":45,"column":73}},{"start":{"line":45,"column":16},"end":{"line":45,"column":73}}],"line":45},"7":{"loc":{"start":{"line":49,"column":30},"end":{"line":49,"column":62}},"type":"cond-expr","locations":[{"start":{"line":49,"column":47},"end":{"line":49,"column":57}},{"start":{"line":49,"column":60},"end":{"line":49,"column":62}}],"line":49}},"s":{"0":1,"1":1,"2":1,"3":1,"4":1,"5":4,"6":4,"7":4,"8":4,"9":0,"10":4,"11":3,"12":1,"13":2,"14":2,"15":2,"16":2,"17":2,"18":3,"19":3,"20":3,"21":3,"22":0,"23":3,"24":2,"25":1,"26":1,"27":1,"28":1,"29":2,"30":2,"31":1},"f":{"0":4,"1":4,"2":3,"3":3},"b":{"0":[0,4],"1":[4,4],"2":[1,2],"3":[1,1],"4":[0,3],"5":[3,3],"6":[1,1],"7":[1,0]},"_coverageSchema":"1a1c01bbd47fc00a2c39e90264f33305004495a9","hash":"891e4657b871399978bfd4dc59bfe19b5bc08380"}
,"C:\\Users\\gabri\\Documents\\assessment\\api\\services\\policies.service.js": {"path":"C:\\Users\\gabri\\Documents\\assessment\\api\\services\\policies.service.js","statementMap":{"0":{"start":{"line":1,"column":15},"end":{"line":1,"column":42}},"1":{"start":{"line":2,"column":19},"end":{"line":2,"column":56}},"2":{"start":{"line":3,"column":18},"end":{"line":3,"column":49}},"3":{"start":{"line":4,"column":36},"end":{"line":4,"column":71}},"4":{"start":{"line":5,"column":75},"end":{"line":5,"column":107}},"5":{"start":{"line":9,"column":8},"end":{"line":37,"column":11}},"6":{"start":{"line":10,"column":12},"end":{"line":36,"column":13}},"7":{"start":{"line":11,"column":54},"end":{"line":11,"column":57}},"8":{"start":{"line":13,"column":16},"end":{"line":13,"column":86}},"9":{"start":{"line":13,"column":43},"end":{"line":13,"column":86}},"10":{"start":{"line":15,"column":35},"end":{"line":15,"column":95}},"11":{"start":{"line":16,"column":31},"end":{"line":16,"column":89}},"12":{"start":{"line":18,"column":16},"end":{"line":18,"column":65}},"13":{"start":{"line":18,"column":29},"end":{"line":18,"column":65}},"14":{"start":{"line":20,"column":29},"end":{"line":20,"column":91}},"15":{"start":{"line":22,"column":16},"end":{"line":22,"column":74}},"16":{"start":{"line":22,"column":43},"end":{"line":22,"column":74}},"17":{"start":{"line":24,"column":33},"end":{"line":24,"column":89}},"18":{"start":{"line":25,"column":30},"end":{"line":25,"column":64}},"19":{"start":{"line":27,"column":16},"end":{"line":31,"column":19}},"20":{"start":{"line":34,"column":16},"end":{"line":34,"column":85}},"21":{"start":{"line":35,"column":16},"end":{"line":35,"column":54}},"22":{"start":{"line":41,"column":8},"end":{"line":69,"column":10}},"23":{"start":{"line":42,"column":12},"end":{"line":68,"column":13}},"24":{"start":{"line":43,"column":55},"end":{"line":43,"column":58}},"25":{"start":{"line":45,"column":16},"end":{"line":45,"column":86}},"26":{"start":{"line":45,"column":43},"end":{"line":45,"column":86}},"27":{"start":{"line":47,"column":29},"end":{"line":47,"column":91}},"28":{"start":{"line":49,"column":16},"end":{"line":49,"column":74}},"29":{"start":{"line":49,"column":43},"end":{"line":49,"column":74}},"30":{"start":{"line":51,"column":31},"end":{"line":51,"column":81}},"31":{"start":{"line":53,"column":16},"end":{"line":53,"column":60}},"32":{"start":{"line":53,"column":29},"end":{"line":53,"column":60}},"33":{"start":{"line":55,"column":35},"end":{"line":55,"column":95}},"34":{"start":{"line":56,"column":32},"end":{"line":56,"column":97}},"35":{"start":{"line":58,"column":30},"end":{"line":58,"column":63}},"36":{"start":{"line":60,"column":16},"end":{"line":64,"column":19}},"37":{"start":{"line":66,"column":16},"end":{"line":66,"column":85}},"38":{"start":{"line":67,"column":16},"end":{"line":67,"column":54}},"39":{"start":{"line":73,"column":0},"end":{"line":73,"column":32}}},"fnMap":{"0":{"name":"(anonymous_0)","decl":{"start":{"line":8,"column":4},"end":{"line":8,"column":5}},"loc":{"start":{"line":8,"column":31},"end":{"line":38,"column":5}},"line":8},"1":{"name":"(anonymous_1)","decl":{"start":{"line":9,"column":27},"end":{"line":9,"column":28}},"loc":{"start":{"line":9,"column":54},"end":{"line":37,"column":9}},"line":9},"2":{"name":"(anonymous_2)","decl":{"start":{"line":40,"column":4},"end":{"line":40,"column":5}},"loc":{"start":{"line":40,"column":25},"end":{"line":70,"column":5}},"line":40},"3":{"name":"(anonymous_3)","decl":{"start":{"line":41,"column":27},"end":{"line":41,"column":28}},"loc":{"start":{"line":41,"column":54},"end":{"line":69,"column":9}},"line":41}},"branchMap":{"0":{"loc":{"start":{"line":13,"column":16},"end":{"line":13,"column":86}},"type":"if","locations":[{"start":{"line":13,"column":16},"end":{"line":13,"column":86}},{"start":{"line":13,"column":16},"end":{"line":13,"column":86}}],"line":13},"1":{"loc":{"start":{"line":18,"column":16},"end":{"line":18,"column":65}},"type":"if","locations":[{"start":{"line":18,"column":16},"end":{"line":18,"column":65}},{"start":{"line":18,"column":16},"end":{"line":18,"column":65}}],"line":18},"2":{"loc":{"start":{"line":22,"column":16},"end":{"line":22,"column":74}},"type":"if","locations":[{"start":{"line":22,"column":16},"end":{"line":22,"column":74}},{"start":{"line":22,"column":16},"end":{"line":22,"column":74}}],"line":22},"3":{"loc":{"start":{"line":25,"column":30},"end":{"line":25,"column":64}},"type":"cond-expr","locations":[{"start":{"line":25,"column":49},"end":{"line":25,"column":59}},{"start":{"line":25,"column":62},"end":{"line":25,"column":64}}],"line":25},"4":{"loc":{"start":{"line":45,"column":16},"end":{"line":45,"column":86}},"type":"if","locations":[{"start":{"line":45,"column":16},"end":{"line":45,"column":86}},{"start":{"line":45,"column":16},"end":{"line":45,"column":86}}],"line":45},"5":{"loc":{"start":{"line":49,"column":16},"end":{"line":49,"column":74}},"type":"if","locations":[{"start":{"line":49,"column":16},"end":{"line":49,"column":74}},{"start":{"line":49,"column":16},"end":{"line":49,"column":74}}],"line":49},"6":{"loc":{"start":{"line":53,"column":16},"end":{"line":53,"column":60}},"type":"if","locations":[{"start":{"line":53,"column":16},"end":{"line":53,"column":60}},{"start":{"line":53,"column":16},"end":{"line":53,"column":60}}],"line":53},"7":{"loc":{"start":{"line":58,"column":30},"end":{"line":58,"column":63}},"type":"cond-expr","locations":[{"start":{"line":58,"column":48},"end":{"line":58,"column":58}},{"start":{"line":58,"column":61},"end":{"line":58,"column":63}}],"line":58}},"s":{"0":2,"1":2,"2":2,"3":2,"4":2,"5":5,"6":5,"7":5,"8":5,"9":0,"10":5,"11":4,"12":4,"13":1,"14":3,"15":3,"16":1,"17":2,"18":2,"19":2,"20":3,"21":3,"22":5,"23":5,"24":5,"25":5,"26":0,"27":5,"28":4,"29":1,"30":3,"31":3,"32":1,"33":2,"34":2,"35":2,"36":2,"37":3,"38":3,"39":2},"f":{"0":5,"1":5,"2":5,"3":5},"b":{"0":[0,5],"1":[1,3],"2":[1,2],"3":[1,1],"4":[0,5],"5":[1,3],"6":[1,2],"7":[1,1]},"_coverageSchema":"1a1c01bbd47fc00a2c39e90264f33305004495a9","hash":"feb682dcb5f4617c7dc23a2f2db95e2886391a05"}
}
