TN:
SF:api\common\logger.js
FN:9,(anonymous_0)
FNF:1
FNH:1
FNDA:10,(anonymous_0)
DA:3,3
DA:4,3
DA:6,3
DA:7,3
DA:9,3
DA:10,10
DA:13,3
DA:24,3
LF:8
LH:8
BRDA:21,0,0,3
BRDA:21,0,1,3
BRF:2
BRH:2
end_of_record
TN:
SF:api\helpers\errorCodes.js
FNF:0
FNH:0
DA:1,3
LF:1
LH:1
BRF:0
BRH:0
end_of_record
TN:
SF:api\helpers\httpError.js
FN:2,(anonymous_0)
FNF:1
FNH:1
FNDA:7,(anonymous_0)
DA:3,7
DA:5,7
DA:6,7
DA:10,3
LF:4
LH:4
BRF:0
BRH:0
end_of_record
TN:
SF:api\helpers\httpResponses.js
FNF:0
FNH:0
DA:1,2
LF:1
LH:1
BRF:0
BRH:0
end_of_record
TN:
SF:api\helpers\services.helper.js
FN:7,(anonymous_0)
FN:11,(anonymous_1)
FN:19,(anonymous_2)
FN:27,(anonymous_3)
FN:43,(anonymous_4)
FN:45,(anonymous_5)
FN:59,(anonymous_6)
FN:61,(anonymous_7)
FNF:8
FNH:4
FNDA:2,(anonymous_0)
FNDA:0,(anonymous_1)
FNDA:12,(anonymous_2)
FNDA:0,(anonymous_3)
FNDA:0,(anonymous_4)
FNDA:0,(anonymous_5)
FNDA:2,(anonymous_6)
FNDA:1,(anonymous_7)
DA:1,3
DA:2,3
DA:3,3
DA:4,3
DA:8,2
DA:12,0
DA:20,12
DA:28,0
DA:29,0
DA:30,0
DA:32,0
DA:33,0
DA:44,0
DA:45,0
DA:46,0
DA:48,0
DA:49,0
DA:60,2
DA:61,2
DA:62,2
DA:64,0
DA:65,0
DA:72,3
LF:23
LH:10
BRDA:8,0,0,1
BRDA:8,0,1,1
BRDA:12,1,0,0
BRDA:12,1,1,0
BRDA:20,2,0,7
BRDA:20,2,1,5
BRF:6
BRH:4
end_of_record
TN:
SF:api\services\clients.service.js
FN:8,(anonymous_0)
FN:9,(anonymous_1)
FN:36,(anonymous_2)
FN:37,(anonymous_3)
FNF:4
FNH:4
FNDA:4,(anonymous_0)
FNDA:4,(anonymous_1)
FNDA:3,(anonymous_2)
FNDA:3,(anonymous_3)
DA:1,1
DA:2,1
DA:3,1
DA:4,1
DA:5,1
DA:9,4
DA:10,4
DA:11,4
DA:13,4
DA:15,4
DA:17,3
DA:19,2
DA:21,2
DA:23,2
DA:30,2
DA:31,2
DA:37,3
DA:38,3
DA:39,3
DA:41,3
DA:43,3
DA:45,2
DA:47,1
DA:49,1
DA:51,1
DA:58,2
DA:59,2
DA:65,1
LF:28
LH:28
BRDA:13,0,0,0
BRDA:13,0,1,4
BRDA:13,1,0,4
BRDA:13,1,1,4
BRDA:17,2,0,1
BRDA:17,2,1,2
BRDA:21,3,0,1
BRDA:21,3,1,1
BRDA:41,4,0,0
BRDA:41,4,1,3
BRDA:41,5,0,3
BRDA:41,5,1,3
BRDA:45,6,0,1
BRDA:45,6,1,1
BRDA:49,7,0,1
BRDA:49,7,1,0
BRF:16
BRH:13
end_of_record
TN:
SF:api\services\policies.service.js
FN:8,(anonymous_0)
FN:9,(anonymous_1)
FN:40,(anonymous_2)
FN:41,(anonymous_3)
FNF:4
FNH:4
FNDA:5,(anonymous_0)
FNDA:5,(anonymous_1)
FNDA:5,(anonymous_2)
FNDA:5,(anonymous_3)
DA:1,2
DA:2,2
DA:3,2
DA:4,2
DA:5,2
DA:9,5
DA:10,5
DA:11,5
DA:13,5
DA:15,5
DA:16,4
DA:18,4
DA:20,3
DA:22,3
DA:24,2
DA:25,2
DA:27,2
DA:34,3
DA:35,3
DA:41,5
DA:42,5
DA:43,5
DA:45,5
DA:47,5
DA:49,4
DA:51,3
DA:53,3
DA:55,2
DA:56,2
DA:58,2
DA:60,2
DA:66,3
DA:67,3
DA:73,2
LF:34
LH:34
BRDA:13,0,0,0
BRDA:13,0,1,5
BRDA:18,1,0,1
BRDA:18,1,1,3
BRDA:22,2,0,1
BRDA:22,2,1,2
BRDA:25,3,0,1
BRDA:25,3,1,1
BRDA:45,4,0,0
BRDA:45,4,1,5
BRDA:49,5,0,1
BRDA:49,5,1,3
BRDA:53,6,0,1
BRDA:53,6,1,2
BRDA:58,7,0,1
BRDA:58,7,1,1
BRF:16
BRH:14
end_of_record
